<?xml version="1.0" encoding="UTF-8"?>
<coverage generated="1713564323350" clover="3.2.0">
  <project timestamp="1713564323350" name="All files">
    <metrics statements="45" coveredstatements="43" conditionals="18" coveredconditionals="17" methods="5" coveredmethods="5" elements="68" coveredelements="65" complexity="0" loc="45" ncloc="45" packages="1" files="5" classes="5"/>
    <file name="asycnExc.js" path="C:\Projects\tp-test\tp_1\src\asycnExc.js">
      <metrics statements="8" coveredstatements="6" conditionals="2" coveredconditionals="1" methods="1" coveredmethods="1"/>
      <line num="1" count="1" type="cond" truecount="1" falsecount="0"/>
      <line num="2" count="3" type="stmt"/>
      <line num="3" count="3" type="cond" truecount="0" falsecount="1"/>
      <line num="4" count="0" type="stmt"/>
      <line num="5" count="0" type="stmt"/>
      <line num="6" count="3" type="stmt"/>
      <line num="7" count="3" type="stmt"/>
      <line num="8" count="3" type="stmt"/>
    </file>
    <file name="exercice1.js" path="C:\Projects\tp-test\tp_1\src\exercice1.js">
      <metrics statements="3" coveredstatements="3" conditionals="1" coveredconditionals="1" methods="1" coveredmethods="1"/>
      <line num="1" count="1" type="cond" truecount="1" falsecount="0"/>
      <line num="2" count="4" type="stmt"/>
      <line num="3" count="4" type="stmt"/>
    </file>
    <file name="exercice2.js" path="C:\Projects\tp-test\tp_1\src\exercice2.js">
      <metrics statements="28" coveredstatements="28" conditionals="12" coveredconditionals="12" methods="1" coveredmethods="1"/>
      <line num="1" count="1" type="cond" truecount="1" falsecount="0"/>
      <line num="2" count="45" type="stmt"/>
      <line num="3" count="45" type="cond" truecount="1" falsecount="0"/>
      <line num="4" count="1" type="stmt"/>
      <line num="5" count="1" type="stmt"/>
      <line num="6" count="44" type="cond" truecount="1" falsecount="0"/>
      <line num="7" count="45" type="cond" truecount="2" falsecount="0"/>
      <line num="8" count="2" type="stmt"/>
      <line num="9" count="2" type="stmt"/>
      <line num="10" count="42" type="cond" truecount="1" falsecount="0"/>
      <line num="11" count="45" type="cond" truecount="1" falsecount="0"/>
      <line num="12" count="24" type="stmt"/>
      <line num="13" count="24" type="stmt"/>
      <line num="14" count="18" type="cond" truecount="1" falsecount="0"/>
      <line num="15" count="18" type="stmt"/>
      <line num="16" count="18" type="stmt"/>
      <line num="17" count="18" type="stmt"/>
      <line num="18" count="18" type="stmt"/>
      <line num="19" count="45" type="cond" truecount="1" falsecount="0"/>
      <line num="20" count="44" type="cond" truecount="1" falsecount="0"/>
      <line num="21" count="16" type="stmt"/>
      <line num="22" count="44" type="cond" truecount="1" falsecount="0"/>
      <line num="23" count="28" type="stmt"/>
      <line num="24" count="28" type="stmt"/>
      <line num="25" count="44" type="stmt"/>
      <line num="26" count="18" type="cond" truecount="1" falsecount="0"/>
      <line num="27" count="18" type="stmt"/>
      <line num="28" count="45" type="stmt"/>
    </file>
    <file name="exercice3.js" path="C:\Projects\tp-test\tp_1\src\exercice3.js">
      <metrics statements="3" coveredstatements="3" conditionals="2" coveredconditionals="2" methods="1" coveredmethods="1"/>
      <line num="1" count="1" type="cond" truecount="1" falsecount="0"/>
      <line num="2" count="9" type="cond" truecount="1" falsecount="0"/>
      <line num="3" count="9" type="stmt"/>
    </file>
    <file name="math.js" path="C:\Projects\tp-test\tp_1\src\math.js">
      <metrics statements="3" coveredstatements="3" conditionals="1" coveredconditionals="1" methods="1" coveredmethods="1"/>
      <line num="1" count="1" type="cond" truecount="1" falsecount="0"/>
      <line num="2" count="1" type="stmt"/>
      <line num="3" count="1" type="stmt"/>
    </file>
  </project>
</coverage>
