{"C:\\Projects\\tp-test\\tp_1\\src\\asycnExc.js": {"path":"C:\\Projects\\tp-test\\tp_1\\src\\asycnExc.js","all":false,"statementMap":{"0":{"start":{"line":1,"column":0},"end":{"line":1,"column":41}},"1":{"start":{"line":2,"column":0},"end":{"line":2,"column":63}},"2":{"start":{"line":3,"column":0},"end":{"line":3,"column":23}},"3":{"start":{"line":4,"column":0},"end":{"line":4,"column":53}},"4":{"start":{"line":5,"column":0},"end":{"line":5,"column":5}},"5":{"start":{"line":6,"column":0},"end":{"line":6,"column":39}},"6":{"start":{"line":7,"column":0},"end":{"line":7,"column":28}},"7":{"start":{"line":8,"column":0},"end":{"line":8,"column":3}}},"s":{"0":1,"1":3,"2":3,"3":0,"4":0,"5":3,"6":3,"7":3},"branchMap":{"0":{"type":"branch","line":1,"loc":{"start":{"line":1,"column":7},"end":{"line":8,"column":3}},"locations":[{"start":{"line":1,"column":7},"end":{"line":8,"column":3}}]},"1":{"type":"branch","line":3,"loc":{"start":{"line":3,"column":22},"end":{"line":5,"column":5}},"locations":[{"start":{"line":3,"column":22},"end":{"line":5,"column":5}}]}},"b":{"0":[3],"1":[0]},"fnMap":{"0":{"name":"fetchRandomUser","decl":{"start":{"line":1,"column":7},"end":{"line":8,"column":3}},"loc":{"start":{"line":1,"column":7},"end":{"line":8,"column":3}},"line":1}},"f":{"0":3}}
,"C:\\Projects\\tp-test\\tp_1\\src\\exercice1.js": {"path":"C:\\Projects\\tp-test\\tp_1\\src\\exercice1.js","all":false,"statementMap":{"0":{"start":{"line":1,"column":0},"end":{"line":1,"column":34}},"1":{"start":{"line":2,"column":0},"end":{"line":2,"column":31}},"2":{"start":{"line":3,"column":0},"end":{"line":3,"column":1}}},"s":{"0":1,"1":4,"2":4},"branchMap":{"0":{"type":"branch","line":1,"loc":{"start":{"line":1,"column":7},"end":{"line":3,"column":1}},"locations":[{"start":{"line":1,"column":7},"end":{"line":3,"column":1}}]}},"b":{"0":[4]},"fnMap":{"0":{"name":"transform","decl":{"start":{"line":1,"column":7},"end":{"line":3,"column":1}},"loc":{"start":{"line":1,"column":7},"end":{"line":3,"column":1}},"line":1}},"f":{"0":4}}
,"C:\\Projects\\tp-test\\tp_1\\src\\exercice2.js": {"path":"C:\\Projects\\tp-test\\tp_1\\src\\exercice2.js","all":false,"statementMap":{"0":{"start":{"line":1,"column":0},"end":{"line":1,"column":32}},"1":{"start":{"line":2,"column":0},"end":{"line":2,"column":0}},"2":{"start":{"line":3,"column":0},"end":{"line":3,"column":30}},"3":{"start":{"line":4,"column":0},"end":{"line":4,"column":54}},"4":{"start":{"line":5,"column":0},"end":{"line":5,"column":5}},"5":{"start":{"line":6,"column":0},"end":{"line":6,"column":0}},"6":{"start":{"line":7,"column":0},"end":{"line":7,"column":51}},"7":{"start":{"line":8,"column":0},"end":{"line":8,"column":63}},"8":{"start":{"line":9,"column":0},"end":{"line":9,"column":5}},"9":{"start":{"line":10,"column":0},"end":{"line":10,"column":0}},"10":{"start":{"line":11,"column":0},"end":{"line":11,"column":26}},"11":{"start":{"line":12,"column":0},"end":{"line":12,"column":19}},"12":{"start":{"line":13,"column":0},"end":{"line":13,"column":5}},"13":{"start":{"line":14,"column":0},"end":{"line":14,"column":4}},"14":{"start":{"line":15,"column":0},"end":{"line":15,"column":23}},"15":{"start":{"line":16,"column":0},"end":{"line":16,"column":18}},"16":{"start":{"line":17,"column":0},"end":{"line":17,"column":19}},"17":{"start":{"line":18,"column":0},"end":{"line":18,"column":4}},"18":{"start":{"line":19,"column":0},"end":{"line":19,"column":42}},"19":{"start":{"line":20,"column":0},"end":{"line":20,"column":29}},"20":{"start":{"line":21,"column":0},"end":{"line":21,"column":26}},"21":{"start":{"line":22,"column":0},"end":{"line":22,"column":16}},"22":{"start":{"line":23,"column":0},"end":{"line":23,"column":27}},"23":{"start":{"line":24,"column":0},"end":{"line":24,"column":9}},"24":{"start":{"line":25,"column":0},"end":{"line":25,"column":5}},"25":{"start":{"line":26,"column":0},"end":{"line":26,"column":4}},"26":{"start":{"line":27,"column":0},"end":{"line":27,"column":59}},"27":{"start":{"line":28,"column":0},"end":{"line":28,"column":5}}},"s":{"0":1,"1":45,"2":45,"3":1,"4":1,"5":44,"6":45,"7":2,"8":2,"9":42,"10":45,"11":24,"12":24,"13":18,"14":18,"15":18,"16":18,"17":18,"18":45,"19":44,"20":16,"21":44,"22":28,"23":28,"24":44,"25":18,"26":18,"27":45},"branchMap":{"0":{"type":"branch","line":1,"loc":{"start":{"line":1,"column":7},"end":{"line":28,"column":5}},"locations":[{"start":{"line":1,"column":7},"end":{"line":28,"column":5}}]},"1":{"type":"branch","line":3,"loc":{"start":{"line":3,"column":29},"end":{"line":5,"column":5}},"locations":[{"start":{"line":3,"column":29},"end":{"line":5,"column":5}}]},"2":{"type":"branch","line":6,"loc":{"start":{"line":6,"column":-2},"end":{"line":7,"column":50}},"locations":[{"start":{"line":6,"column":-2},"end":{"line":7,"column":50}}]},"3":{"type":"branch","line":7,"loc":{"start":{"line":7,"column":50},"end":{"line":9,"column":5}},"locations":[{"start":{"line":7,"column":50},"end":{"line":9,"column":5}}]},"4":{"type":"branch","line":10,"loc":{"start":{"line":10,"column":-2},"end":{"line":11,"column":25}},"locations":[{"start":{"line":10,"column":-2},"end":{"line":11,"column":25}}]},"5":{"type":"branch","line":11,"loc":{"start":{"line":11,"column":25},"end":{"line":13,"column":5}},"locations":[{"start":{"line":11,"column":25},"end":{"line":13,"column":5}}]},"6":{"type":"branch","line":14,"loc":{"start":{"line":14,"column":-2},"end":{"line":19,"column":41}},"locations":[{"start":{"line":14,"column":-2},"end":{"line":19,"column":41}}]},"7":{"type":"branch","line":19,"loc":{"start":{"line":19,"column":41},"end":{"line":25,"column":5}},"locations":[{"start":{"line":19,"column":41},"end":{"line":25,"column":5}}]},"8":{"type":"branch","line":20,"loc":{"start":{"line":20,"column":28},"end":{"line":22,"column":9}},"locations":[{"start":{"line":20,"column":28},"end":{"line":22,"column":9}}]},"9":{"type":"branch","line":22,"loc":{"start":{"line":22,"column":9},"end":{"line":24,"column":9}},"locations":[{"start":{"line":22,"column":9},"end":{"line":24,"column":9}}]},"10":{"type":"branch","line":26,"loc":{"start":{"line":26,"column":-2},"end":{"line":28,"column":4}},"locations":[{"start":{"line":26,"column":-2},"end":{"line":28,"column":4}}]},"11":{"type":"branch","line":7,"loc":{"start":{"line":7,"column":17},"end":{"line":7,"column":47}},"locations":[{"start":{"line":7,"column":17},"end":{"line":7,"column":47}}]}},"b":{"0":[45],"1":[1],"2":[44],"3":[2],"4":[42],"5":[24],"6":[18],"7":[44],"8":[16],"9":[28],"10":[18],"11":[76]},"fnMap":{"0":{"name":"quickSort","decl":{"start":{"line":1,"column":7},"end":{"line":28,"column":5}},"loc":{"start":{"line":1,"column":7},"end":{"line":28,"column":5}},"line":1}},"f":{"0":45}}
,"C:\\Projects\\tp-test\\tp_1\\src\\exercice3.js": {"path":"C:\\Projects\\tp-test\\tp_1\\src\\exercice3.js","all":false,"statementMap":{"0":{"start":{"line":1,"column":0},"end":{"line":1,"column":49}},"1":{"start":{"line":2,"column":0},"end":{"line":2,"column":38}},"2":{"start":{"line":3,"column":0},"end":{"line":3,"column":1}}},"s":{"0":1,"1":9,"2":9},"branchMap":{"0":{"type":"branch","line":1,"loc":{"start":{"line":1,"column":7},"end":{"line":3,"column":1}},"locations":[{"start":{"line":1,"column":7},"end":{"line":3,"column":1}}]},"1":{"type":"branch","line":2,"loc":{"start":{"line":2,"column":22},"end":{"line":2,"column":37}},"locations":[{"start":{"line":2,"column":22},"end":{"line":2,"column":37}}]}},"b":{"0":[9],"1":[6]},"fnMap":{"0":{"name":"isPriceInRange","decl":{"start":{"line":1,"column":7},"end":{"line":3,"column":1}},"loc":{"start":{"line":1,"column":7},"end":{"line":3,"column":1}},"line":1}},"f":{"0":9}}
,"C:\\Projects\\tp-test\\tp_1\\src\\math.js": {"path":"C:\\Projects\\tp-test\\tp_1\\src\\math.js","all":false,"statementMap":{"0":{"start":{"line":1,"column":0},"end":{"line":1,"column":27}},"1":{"start":{"line":2,"column":0},"end":{"line":2,"column":17}},"2":{"start":{"line":3,"column":0},"end":{"line":3,"column":1}}},"s":{"0":1,"1":1,"2":1},"branchMap":{"0":{"type":"branch","line":1,"loc":{"start":{"line":1,"column":7},"end":{"line":3,"column":1}},"locations":[{"start":{"line":1,"column":7},"end":{"line":3,"column":1}}]}},"b":{"0":[1]},"fnMap":{"0":{"name":"add","decl":{"start":{"line":1,"column":7},"end":{"line":3,"column":1}},"loc":{"start":{"line":1,"column":7},"end":{"line":3,"column":1}},"line":1}},"f":{"0":1}}
}
